Defaulting to user installation because normal site-packages is not writeable
Requirement already satisfied: kapre in /home/ufamlas/.local/lib/python3.10/site-packages (0.3.7)
Requirement already satisfied: librosa>=0.7.2 in /home/ufamlas/.local/lib/python3.10/site-packages (from kapre) (0.10.2.post1)
Requirement already satisfied: numpy>=1.18.5 in /home/ufamlas/.local/lib/python3.10/site-packages (from kapre) (1.26.4)
Requirement already satisfied: tensorflow>=2.0.0 in /home/ufamlas/.local/lib/python3.10/site-packages (from kapre) (2.15.0)
Requirement already satisfied: audioread>=2.1.9 in /home/ufamlas/.local/lib/python3.10/site-packages (from librosa>=0.7.2->kapre) (3.0.1)
Requirement already satisfied: scipy>=1.2.0 in /home/ufamlas/.local/lib/python3.10/site-packages (from librosa>=0.7.2->kapre) (1.14.0)
Requirement already satisfied: scikit-learn>=0.20.0 in /home/ufamlas/.local/lib/python3.10/site-packages (from librosa>=0.7.2->kapre) (1.5.1)
Requirement already satisfied: joblib>=0.14 in /home/ufamlas/.local/lib/python3.10/site-packages (from librosa>=0.7.2->kapre) (1.4.2)
Requirement already satisfied: decorator>=4.3.0 in /home/ufamlas/.local/lib/python3.10/site-packages (from librosa>=0.7.2->kapre) (5.1.1)
Requirement already satisfied: numba>=0.51.0 in /home/ufamlas/.local/lib/python3.10/site-packages (from librosa>=0.7.2->kapre) (0.60.0)
Requirement already satisfied: soundfile>=0.12.1 in /home/ufamlas/.local/lib/python3.10/site-packages (from librosa>=0.7.2->kapre) (0.12.1)
Requirement already satisfied: pooch>=1.1 in /home/ufamlas/.local/lib/python3.10/site-packages (from librosa>=0.7.2->kapre) (1.8.2)
Requirement already satisfied: soxr>=0.3.2 in /home/ufamlas/.local/lib/python3.10/site-packages (from librosa>=0.7.2->kapre) (0.4.0)
Requirement already satisfied: typing-extensions>=4.1.1 in /home/ufamlas/.local/lib/python3.10/site-packages (from librosa>=0.7.2->kapre) (4.12.2)
Requirement already satisfied: lazy-loader>=0.1 in /home/ufamlas/.local/lib/python3.10/site-packages (from librosa>=0.7.2->kapre) (0.4)
Requirement already satisfied: msgpack>=1.0 in /home/ufamlas/.local/lib/python3.10/site-packages (from librosa>=0.7.2->kapre) (1.0.8)
Requirement already satisfied: absl-py>=1.0.0 in /home/ufamlas/.local/lib/python3.10/site-packages (from tensorflow>=2.0.0->kapre) (2.1.0)
Requirement already satisfied: astunparse>=1.6.0 in /home/ufamlas/.local/lib/python3.10/site-packages (from tensorflow>=2.0.0->kapre) (1.6.3)
Requirement already satisfied: flatbuffers>=23.5.26 in /home/ufamlas/.local/lib/python3.10/site-packages (from tensorflow>=2.0.0->kapre) (24.3.25)
Requirement already satisfied: gast!=0.5.0,!=0.5.1,!=0.5.2,>=0.2.1 in /home/ufamlas/.local/lib/python3.10/site-packages (from tensorflow>=2.0.0->kapre) (0.6.0)
Requirement already satisfied: google-pasta>=0.1.1 in /home/ufamlas/.local/lib/python3.10/site-packages (from tensorflow>=2.0.0->kapre) (0.2.0)
Requirement already satisfied: h5py>=2.9.0 in /home/ufamlas/.local/lib/python3.10/site-packages (from tensorflow>=2.0.0->kapre) (3.11.0)
Requirement already satisfied: libclang>=13.0.0 in /home/ufamlas/.local/lib/python3.10/site-packages (from tensorflow>=2.0.0->kapre) (18.1.1)
Requirement already satisfied: ml-dtypes~=0.2.0 in /home/ufamlas/.local/lib/python3.10/site-packages (from tensorflow>=2.0.0->kapre) (0.2.0)
Requirement already satisfied: opt-einsum>=2.3.2 in /home/ufamlas/.local/lib/python3.10/site-packages (from tensorflow>=2.0.0->kapre) (3.3.0)
Requirement already satisfied: packaging in /home/ufamlas/.local/lib/python3.10/site-packages (from tensorflow>=2.0.0->kapre) (24.1)
Requirement already satisfied: protobuf!=4.21.0,!=4.21.1,!=4.21.2,!=4.21.3,!=4.21.4,!=4.21.5,<5.0.0dev,>=3.20.3 in /home/ufamlas/.local/lib/python3.10/site-packages (from tensorflow>=2.0.0->kapre) (4.25.4)
Requirement already satisfied: setuptools in /usr/lib/python3/dist-packages (from tensorflow>=2.0.0->kapre) (59.6.0)
Requirement already satisfied: six>=1.12.0 in /usr/lib/python3/dist-packages (from tensorflow>=2.0.0->kapre) (1.16.0)
Requirement already satisfied: termcolor>=1.1.0 in /home/ufamlas/.local/lib/python3.10/site-packages (from tensorflow>=2.0.0->kapre) (2.4.0)
Requirement already satisfied: wrapt<1.15,>=1.11.0 in /home/ufamlas/.local/lib/python3.10/site-packages (from tensorflow>=2.0.0->kapre) (1.14.1)
Requirement already satisfied: tensorflow-io-gcs-filesystem>=0.23.1 in /home/ufamlas/.local/lib/python3.10/site-packages (from tensorflow>=2.0.0->kapre) (0.37.1)
Requirement already satisfied: grpcio<2.0,>=1.24.3 in /home/ufamlas/.local/lib/python3.10/site-packages (from tensorflow>=2.0.0->kapre) (1.65.5)
Requirement already satisfied: tensorboard<2.16,>=2.15 in /home/ufamlas/.local/lib/python3.10/site-packages (from tensorflow>=2.0.0->kapre) (2.15.2)
Requirement already satisfied: tensorflow-estimator<2.16,>=2.15.0 in /home/ufamlas/.local/lib/python3.10/site-packages (from tensorflow>=2.0.0->kapre) (2.15.0)
Requirement already satisfied: keras<2.16,>=2.15.0 in /home/ufamlas/.local/lib/python3.10/site-packages (from tensorflow>=2.0.0->kapre) (2.15.0)
Requirement already satisfied: wheel<1.0,>=0.23.0 in /usr/local/lib/python3.10/dist-packages (from astunparse>=1.6.0->tensorflow>=2.0.0->kapre) (0.44.0)
Requirement already satisfied: llvmlite<0.44,>=0.43.0dev0 in /home/ufamlas/.local/lib/python3.10/site-packages (from numba>=0.51.0->librosa>=0.7.2->kapre) (0.43.0)
Requirement already satisfied: platformdirs>=2.5.0 in /home/ufamlas/.local/lib/python3.10/site-packages (from pooch>=1.1->librosa>=0.7.2->kapre) (4.2.2)
Requirement already satisfied: requests>=2.19.0 in /home/ufamlas/.local/lib/python3.10/site-packages (from pooch>=1.1->librosa>=0.7.2->kapre) (2.32.3)
Requirement already satisfied: threadpoolctl>=3.1.0 in /home/ufamlas/.local/lib/python3.10/site-packages (from scikit-learn>=0.20.0->librosa>=0.7.2->kapre) (3.5.0)
Requirement already satisfied: cffi>=1.0 in /home/ufamlas/.local/lib/python3.10/site-packages (from soundfile>=0.12.1->librosa>=0.7.2->kapre) (1.17.0)
Requirement already satisfied: google-auth<3,>=1.6.3 in /home/ufamlas/.local/lib/python3.10/site-packages (from tensorboard<2.16,>=2.15->tensorflow>=2.0.0->kapre) (2.34.0)
Requirement already satisfied: google-auth-oauthlib<2,>=0.5 in /home/ufamlas/.local/lib/python3.10/site-packages (from tensorboard<2.16,>=2.15->tensorflow>=2.0.0->kapre) (1.2.1)
Requirement already satisfied: markdown>=2.6.8 in /home/ufamlas/.local/lib/python3.10/site-packages (from tensorboard<2.16,>=2.15->tensorflow>=2.0.0->kapre) (3.7)
Requirement already satisfied: tensorboard-data-server<0.8.0,>=0.7.0 in /home/ufamlas/.local/lib/python3.10/site-packages (from tensorboard<2.16,>=2.15->tensorflow>=2.0.0->kapre) (0.7.2)
Requirement already satisfied: werkzeug>=1.0.1 in /home/ufamlas/.local/lib/python3.10/site-packages (from tensorboard<2.16,>=2.15->tensorflow>=2.0.0->kapre) (3.0.3)
Requirement already satisfied: pycparser in /home/ufamlas/.local/lib/python3.10/site-packages (from cffi>=1.0->soundfile>=0.12.1->librosa>=0.7.2->kapre) (2.22)
Requirement already satisfied: cachetools<6.0,>=2.0.0 in /home/ufamlas/.local/lib/python3.10/site-packages (from google-auth<3,>=1.6.3->tensorboard<2.16,>=2.15->tensorflow>=2.0.0->kapre) (5.5.0)
Requirement already satisfied: pyasn1-modules>=0.2.1 in /home/ufamlas/.local/lib/python3.10/site-packages (from google-auth<3,>=1.6.3->tensorboard<2.16,>=2.15->tensorflow>=2.0.0->kapre) (0.4.0)
Requirement already satisfied: rsa<5,>=3.1.4 in /home/ufamlas/.local/lib/python3.10/site-packages (from google-auth<3,>=1.6.3->tensorboard<2.16,>=2.15->tensorflow>=2.0.0->kapre) (4.9)
Requirement already satisfied: requests-oauthlib>=0.7.0 in /home/ufamlas/.local/lib/python3.10/site-packages (from google-auth-oauthlib<2,>=0.5->tensorboard<2.16,>=2.15->tensorflow>=2.0.0->kapre) (2.0.0)
Requirement already satisfied: charset-normalizer<4,>=2 in /home/ufamlas/.local/lib/python3.10/site-packages (from requests>=2.19.0->pooch>=1.1->librosa>=0.7.2->kapre) (3.3.2)
Requirement already satisfied: idna<4,>=2.5 in /usr/lib/python3/dist-packages (from requests>=2.19.0->pooch>=1.1->librosa>=0.7.2->kapre) (3.3)
Requirement already satisfied: urllib3<3,>=1.21.1 in /usr/lib/python3/dist-packages (from requests>=2.19.0->pooch>=1.1->librosa>=0.7.2->kapre) (1.26.5)
Requirement already satisfied: certifi>=2017.4.17 in /usr/lib/python3/dist-packages (from requests>=2.19.0->pooch>=1.1->librosa>=0.7.2->kapre) (2020.6.20)
Requirement already satisfied: MarkupSafe>=2.1.1 in /home/ufamlas/.local/lib/python3.10/site-packages (from werkzeug>=1.0.1->tensorboard<2.16,>=2.15->tensorflow>=2.0.0->kapre) (2.1.5)
Requirement already satisfied: pyasn1<0.7.0,>=0.4.6 in /home/ufamlas/.local/lib/python3.10/site-packages (from pyasn1-modules>=0.2.1->google-auth<3,>=1.6.3->tensorboard<2.16,>=2.15->tensorflow>=2.0.0->kapre) (0.6.0)
Requirement already satisfied: oauthlib>=3.0.0 in /usr/lib/python3/dist-packages (from requests-oauthlib>=0.7.0->google-auth-oauthlib<2,>=0.5->tensorboard<2.16,>=2.15->tensorflow>=2.0.0->kapre) (3.2.0)
